--------------------------------------------------------------------------------
Release 14.7 Trace  (nt)
Copyright (c) 1995-2013 Xilinx, Inc.  All rights reserved.

E:\Xilinx\14.7\ISE_DS\ISE\bin\nt\unwrapped\trce.exe -intstyle ise -v 3 -s 4 -n
3 -fastpaths -xml top.twx top.ncd -o top.twr top.pcf

Design file:              top.ncd
Physical constraint file: top.pcf
Device,package,speed:     xc3s1200e,fg320,-4 (PRODUCTION 1.27 2013-10-13)
Report level:             verbose report

Environment Variable      Effect 
--------------------      ------ 
NONE                      No environment variables were set
--------------------------------------------------------------------------------

INFO:Timing:2698 - No timing constraints found, doing default enumeration.
INFO:Timing:3412 - To improve timing, see the Timing Closure User Guide (UG612).
INFO:Timing:2752 - To get complete path coverage, use the unconstrained paths 
   option. All paths that are not constrained will be reported in the 
   unconstrained paths section(s) of the report.
INFO:Timing:3339 - The clock-to-out numbers in this timing report are based on 
   a 50 Ohm transmission line loading model.  For the details of this model, 
   and for more information on accounting for different loading conditions, 
   please see the device datasheet.
INFO:Timing:3390 - This architecture does not support a default System Jitter 
   value, please add SYSTEM_JITTER constraint to the UCF to modify the Clock 
   Uncertainty calculation.
INFO:Timing:3389 - This architecture does not support 'Discrete Jitter' and 
   'Phase Error' calculations, these terms will be zero in the Clock 
   Uncertainty calculation.  Please make appropriate modification to 
   SYSTEM_JITTER to account for the unsupported Discrete Jitter and Phase 
   Error.



Data Sheet report:
-----------------
All values displayed in nanoseconds (ns)

Clock Clk to Pad
------------+------------+------------------+--------+
            | clk (edge) |                  | Clock  |
Destination |   to PAD   |Internal Clock(s) | Phase  |
------------+------------+------------------+--------+
Output<0>   |   12.018(R)|Clk_BUFGP         |   0.000|
Output<1>   |   12.291(R)|Clk_BUFGP         |   0.000|
Output<2>   |   12.170(R)|Clk_BUFGP         |   0.000|
Output<3>   |   12.009(R)|Clk_BUFGP         |   0.000|
Output<4>   |    9.569(R)|Clk_BUFGP         |   0.000|
Output<5>   |   10.755(R)|Clk_BUFGP         |   0.000|
Output<6>   |   11.199(R)|Clk_BUFGP         |   0.000|
Output<7>   |    9.918(R)|Clk_BUFGP         |   0.000|
Output<8>   |   11.276(R)|Clk_BUFGP         |   0.000|
Output<9>   |   10.722(R)|Clk_BUFGP         |   0.000|
Output<10>  |   11.041(R)|Clk_BUFGP         |   0.000|
Output<11>  |   11.349(R)|Clk_BUFGP         |   0.000|
Output<12>  |   11.265(R)|Clk_BUFGP         |   0.000|
Output<13>  |   11.157(R)|Clk_BUFGP         |   0.000|
Output<14>  |   11.906(R)|Clk_BUFGP         |   0.000|
Output<15>  |   11.497(R)|Clk_BUFGP         |   0.000|
------------+------------+------------------+--------+

Clock to Setup on destination clock Clk
---------------+---------+---------+---------+---------+
               | Src:Rise| Src:Fall| Src:Rise| Src:Fall|
Source Clock   |Dest:Rise|Dest:Rise|Dest:Fall|Dest:Fall|
---------------+---------+---------+---------+---------+
Clk            |    1.572|         |         |         |
---------------+---------+---------+---------+---------+


Analysis completed Tue Oct 18 15:20:53 2016 
--------------------------------------------------------------------------------

Trace Settings:
-------------------------
Trace Settings 

Peak Memory Usage: 150 MB



